生成启动时间为 2014/4/16 19:21:13。
     1>项目“E:\gr_direction\gr_dir_code\NSGA2\moea.vcxproj”在节点 2 上(build 个目标)。
     1>InitializeBuildStatus:
         正在创建“.\Release\moea.unsuccessfulbuild”，因为已指定“AlwaysCreate”。
       ClCompile:
         D:\Program Files\Microsoft Visual Studio 10.0\VC\bin\CL.exe /c /Zi /nologo /W3 /WX- /O2 /Ob1 /Oy- /D WIN32 /D NDEBUG /D _CONSOLE /D _VC80_UPGRADE=0x0600 /D _MBCS /GF /Gm- /EHsc /MT /GS /Gy /fp:precise /Zc:wchar_t /Zc:forScope /Fo".\Release/" /Fd".\Release/vc100.pdb" /Gd /TP /analyze- /errorReport:prompt moea.cpp
         moea.cpp
     1>e:\gr_direction\gr_dir_code\nsga2\common.h(273): warning C4018: “<”: 有符号/无符号不匹配
     1>e:\gr_direction\gr_dir_code\nsga2\common.h(285): warning C4018: “<”: 有符号/无符号不匹配
     1>e:\gr_direction\gr_dir_code\nsga2\common.h(305): warning C4018: “<=”: 有符号/无符号不匹配
     1>e:\gr_direction\gr_dir_code\nsga2\common.h(311): warning C4101: “j”: 未引用的局部变量
     1>e:\gr_direction\gr_dir_code\nsga2\common.h(322): warning C4101: “j”: 未引用的局部变量
     1>e:\gr_direction\gr_dir_code\nsga2\common.h(333): warning C4101: “j”: 未引用的局部变量
     1>e:\gr_direction\gr_dir_code\nsga2\common.h(343): warning C4101: “j”: 未引用的局部变量
     1>e:\gr_direction\gr_dir_code\nsga2\common.h(383): warning C4101: “j”: 未引用的局部变量
     1>e:\gr_direction\gr_dir_code\nsga2\common.h(401): warning C4101: “j”: 未引用的局部变量
     1>e:\gr_direction\gr_dir_code\nsga2\common.h(421): warning C4101: “j”: 未引用的局部变量
     1>e:\gr_direction\gr_dir_code\nsga2\common.h(472): warning C4101: “j”: 未引用的局部变量
     1>e:\gr_direction\gr_dir_code\nsga2\common.h(491): warning C4101: “j”: 未引用的局部变量
     1>e:\gr_direction\gr_dir_code\nsga2\common.h(514): warning C4101: “j”: 未引用的局部变量
     1>e:\gr_direction\gr_dir_code\nsga2\common.h(524): warning C4101: “j”: 未引用的局部变量
     1>e:\gr_direction\gr_dir_code\nsga2\common.h(546): warning C4101: “j”: 未引用的局部变量
     1>e:\gr_direction\gr_dir_code\nsga2\common.h(653): warning C4101: “j”: 未引用的局部变量
     1>e:\gr_direction\gr_dir_code\nsga2\individual.h(77): warning C4018: “<=”: 有符号/无符号不匹配
     1>e:\gr_direction\gr_dir_code\nsga2\individual.h(103): warning C4018: “<=”: 有符号/无符号不匹配
     1>e:\gr_direction\gr_dir_code\nsga2\individual.h(130): warning C4018: “<=”: 有符号/无符号不匹配
     1>e:\gr_direction\gr_dir_code\nsga2\individual.h(158): warning C4018: “<=”: 有符号/无符号不匹配
     1>e:\gr_direction\gr_dir_code\nsga2\individual.h(185): warning C4018: “<=”: 有符号/无符号不匹配
     1>e:\gr_direction\gr_dir_code\nsga2\individual.h(214): warning C4018: “<=”: 有符号/无符号不匹配
     1>e:\gr_direction\gr_dir_code\nsga2\individual.h(244): warning C4018: “<=”: 有符号/无符号不匹配
     1>e:\gr_direction\gr_dir_code\nsga2\individual.h(270): warning C4018: “<=”: 有符号/无符号不匹配
     1>e:\gr_direction\gr_dir_code\nsga2\individual.h(302): warning C4018: “<=”: 有符号/无符号不匹配
     1>e:\gr_direction\gr_dir_code\nsga2\individual.h(335): warning C4018: “<=”: 有符号/无符号不匹配
     1>e:\gr_direction\gr_dir_code\nsga2\individual.h(541): warning C4018: “<=”: 有符号/无符号不匹配
     1>e:\gr_direction\gr_dir_code\nsga2\individual.h(585): warning C4244: “参数”: 从“double”转换到“unsigned int”，可能丢失数据
     1>e:\gr_direction\gr_dir_code\nsga2\individual.h(765): warning C4018: “<=”: 有符号/无符号不匹配
     1>e:\gr_direction\gr_dir_code\nsga2\individual.h(801): warning C4018: “<=”: 有符号/无符号不匹配
     1>e:\gr_direction\gr_dir_code\nsga2\individual.h(836): warning C4018: “<=”: 有符号/无符号不匹配
     1>e:\gr_direction\gr_dir_code\nsga2\individual.h(871): warning C4018: “<=”: 有符号/无符号不匹配
     1>e:\gr_direction\gr_dir_code\nsga2\individual.h(906): warning C4018: “<=”: 有符号/无符号不匹配
     1>e:\gr_direction\gr_dir_code\nsga2\individual.h(942): warning C4018: “<=”: 有符号/无符号不匹配
     1>e:\gr_direction\gr_dir_code\nsga2\individual.h(977): warning C4018: “<=”: 有符号/无符号不匹配
     1>e:\gr_direction\gr_dir_code\nsga2\individual.h(1012): warning C4018: “<=”: 有符号/无符号不匹配
     1>e:\gr_direction\gr_dir_code\nsga2\individual.h(1041): warning C4018: “<=”: 有符号/无符号不匹配
     1>e:\gr_direction\gr_dir_code\nsga2\individual.h(1070): warning C4018: “<=”: 有符号/无符号不匹配
     1>e:\gr_direction\gr_dir_code\nsga2\individual.h(1100): warning C4018: “<=”: 有符号/无符号不匹配
     1>e:\gr_direction\gr_dir_code\nsga2\individual.h(1129): warning C4018: “<=”: 有符号/无符号不匹配
     1>e:\gr_direction\gr_dir_code\nsga2\individual.h(1160): warning C4018: “<=”: 有符号/无符号不匹配
     1>e:\gr_direction\gr_dir_code\nsga2\individual.h(1190): warning C4018: “<=”: 有符号/无符号不匹配
     1>e:\gr_direction\gr_dir_code\nsga2\individual.h(1224): warning C4018: “<=”: 有符号/无符号不匹配
     1>e:\gr_direction\gr_dir_code\nsga2\individual.h(1256): warning C4018: “<=”: 有符号/无符号不匹配
     1>e:\gr_direction\gr_dir_code\nsga2\individual.h(1289): warning C4018: “<=”: 有符号/无符号不匹配
     1>e:\gr_direction\gr_dir_code\nsga2\individual.h(1323): warning C4018: “<=”: 有符号/无符号不匹配
     1>e:\gr_direction\gr_dir_code\nsga2\individual.h(1356): warning C4018: “<=”: 有符号/无符号不匹配
     1>e:\gr_direction\gr_dir_code\nsga2\individual.h(1390): warning C4018: “<=”: 有符号/无符号不匹配
     1>e:\gr_direction\gr_dir_code\nsga2\individual.h(1423): warning C4018: “<=”: 有符号/无符号不匹配
     1>e:\gr_direction\gr_dir_code\nsga2\individual.h(1491): warning C4018: “<=”: 有符号/无符号不匹配
     1>e:\gr_direction\gr_dir_code\nsga2\individual.h(1521): warning C4018: “<=”: 有符号/无符号不匹配
     1>e:\gr_direction\gr_dir_code\nsga2\individual.h(1550): warning C4018: “<=”: 有符号/无符号不匹配
     1>e:\gr_direction\gr_dir_code\nsga2\individual.h(1580): warning C4018: “<=”: 有符号/无符号不匹配
     1>e:\gr_direction\gr_dir_code\nsga2\individual.h(1609): warning C4018: “<=”: 有符号/无符号不匹配
     1>e:\gr_direction\gr_dir_code\nsga2\individual.h(1640): warning C4018: “<=”: 有符号/无符号不匹配
     1>e:\gr_direction\gr_dir_code\nsga2\individual.h(1669): warning C4018: “<=”: 有符号/无符号不匹配
     1>e:\gr_direction\gr_dir_code\nsga2\individual.h(1700): warning C4018: “<=”: 有符号/无符号不匹配
     1>e:\gr_direction\gr_dir_code\nsga2\individual.h(1742): warning C4018: “<=”: 有符号/无符号不匹配
     1>e:\gr_direction\gr_dir_code\nsga2\individual.h(1785): warning C4018: “<=”: 有符号/无符号不匹配
     1>e:\gr_direction\gr_dir_code\nsga2\individual.h(1828): warning C4018: “<=”: 有符号/无符号不匹配
     1>e:\gr_direction\gr_dir_code\nsga2\individual.h(1870): warning C4018: “<=”: 有符号/无符号不匹配
     1>e:\gr_direction\gr_dir_code\nsga2\individual.h(1914): warning C4018: “<=”: 有符号/无符号不匹配
     1>e:\gr_direction\gr_dir_code\nsga2\individual.h(1957): warning C4018: “<=”: 有符号/无符号不匹配
     1>e:\gr_direction\gr_dir_code\nsga2\individual.h(2000): warning C4018: “<=”: 有符号/无符号不匹配
     1>e:\gr_direction\gr_dir_code\nsga2\individual.h(2030): warning C4018: “<=”: 有符号/无符号不匹配
     1>e:\gr_direction\gr_dir_code\nsga2\individual.h(2060): warning C4018: “<=”: 有符号/无符号不匹配
     1>e:\gr_direction\gr_dir_code\nsga2\individual.h(2091): warning C4018: “<=”: 有符号/无符号不匹配
     1>e:\gr_direction\gr_dir_code\nsga2\individual.h(2121): warning C4018: “<=”: 有符号/无符号不匹配
     1>e:\gr_direction\gr_dir_code\nsga2\individual.h(2154): warning C4018: “<=”: 有符号/无符号不匹配
     1>e:\gr_direction\gr_dir_code\nsga2\individual.h(2186): warning C4018: “<=”: 有符号/无符号不匹配
     1>e:\gr_direction\gr_dir_code\nsga2\individual.h(2217): warning C4018: “<=”: 有符号/无符号不匹配
     1>e:\gr_direction\gr_dir_code\nsga2\individual.h(2248): warning C4018: “<=”: 有符号/无符号不匹配
     1>e:\gr_direction\gr_dir_code\nsga2\individual.h(2279): warning C4018: “<=”: 有符号/无符号不匹配
     1>e:\gr_direction\gr_dir_code\nsga2\individual.h(2311): warning C4018: “<=”: 有符号/无符号不匹配
     1>e:\gr_direction\gr_dir_code\nsga2\individual.h(2342): warning C4018: “<=”: 有符号/无符号不匹配
     1>e:\gr_direction\gr_dir_code\nsga2\individual.h(2374): warning C4018: “<=”: 有符号/无符号不匹配
     1>e:\gr_direction\gr_dir_code\nsga2\individual.h(2405): warning C4018: “<=”: 有符号/无符号不匹配
     1>e:\gr_direction\gr_dir_code\nsga2\individual.h(2437): warning C4018: “<=”: 有符号/无符号不匹配
     1>e:\gr_direction\gr_dir_code\nsga2\individual.h(2467): warning C4018: “<=”: 有符号/无符号不匹配
     1>e:\gr_direction\gr_dir_code\nsga2\individual.h(2497): warning C4018: “<=”: 有符号/无符号不匹配
     1>e:\gr_direction\gr_dir_code\nsga2\individual.h(2528): warning C4018: “<=”: 有符号/无符号不匹配
     1>e:\gr_direction\gr_dir_code\nsga2\individual.h(2558): warning C4018: “<=”: 有符号/无符号不匹配
     1>e:\gr_direction\gr_dir_code\nsga2\individual.h(2589): warning C4018: “<=”: 有符号/无符号不匹配
     1>e:\gr_direction\gr_dir_code\nsga2\individual.h(2620): warning C4018: “<=”: 有符号/无符号不匹配
     1>e:\gr_direction\gr_dir_code\nsga2\individual.h(2651): warning C4018: “<=”: 有符号/无符号不匹配
     1>e:\gr_direction\gr_dir_code\nsga2\individual.h(2681): warning C4018: “<=”: 有符号/无符号不匹配
     1>e:\gr_direction\gr_dir_code\nsga2\individual.h(2711): warning C4018: “<=”: 有符号/无符号不匹配
     1>e:\gr_direction\gr_dir_code\nsga2\individual.h(2742): warning C4018: “<=”: 有符号/无符号不匹配
     1>e:\gr_direction\gr_dir_code\nsga2\individual.h(2772): warning C4018: “<=”: 有符号/无符号不匹配
     1>e:\gr_direction\gr_dir_code\nsga2\individual.h(2804): warning C4018: “<=”: 有符号/无符号不匹配
     1>e:\gr_direction\gr_dir_code\nsga2\individual.h(2835): warning C4018: “<=”: 有符号/无符号不匹配
     1>e:\gr_direction\gr_dir_code\nsga2\individual.h(2866): warning C4018: “<=”: 有符号/无符号不匹配
     1>e:\gr_direction\gr_dir_code\nsga2\individual.h(2900): warning C4018: “<=”: 有符号/无符号不匹配
     1>e:\gr_direction\gr_dir_code\nsga2\individual.h(2934): warning C4018: “<=”: 有符号/无符号不匹配
     1>e:\gr_direction\gr_dir_code\nsga2\individual.h(2969): warning C4018: “<=”: 有符号/无符号不匹配
     1>e:\gr_direction\gr_dir_code\nsga2\individual.h(3003): warning C4018: “<=”: 有符号/无符号不匹配
     1>e:\gr_direction\gr_dir_code\nsga2\individual.h(3038): warning C4018: “<=”: 有符号/无符号不匹配
     1>e:\gr_direction\gr_dir_code\nsga2\individual.h(3072): warning C4018: “<=”: 有符号/无符号不匹配
     1>e:\gr_direction\gr_dir_code\nsga2\individual.h(3106): warning C4018: “<=”: 有符号/无符号不匹配
     1>e:\gr_direction\gr_dir_code\nsga2\individual.h(3147): warning C4018: “<=”: 有符号/无符号不匹配
     1>e:\gr_direction\gr_dir_code\nsga2\individual.h(3187): warning C4018: “<=”: 有符号/无符号不匹配
     1>e:\gr_direction\gr_dir_code\nsga2\individual.h(3229): warning C4018: “<=”: 有符号/无符号不匹配
     1>e:\gr_direction\gr_dir_code\nsga2\individual.h(3267): warning C4018: “<=”: 有符号/无符号不匹配
     1>e:\gr_direction\gr_dir_code\nsga2\individual.h(3306): warning C4018: “<=”: 有符号/无符号不匹配
     1>e:\gr_direction\gr_dir_code\nsga2\individual.h(3344): warning C4018: “<=”: 有符号/无符号不匹配
     1>e:\gr_direction\gr_dir_code\nsga2\individual.h(4232): warning C4018: “<=”: 有符号/无符号不匹配
     1>e:\gr_direction\gr_dir_code\nsga2\individual.h(4818): warning C4018: “<”: 有符号/无符号不匹配
     1>e:\gr_direction\gr_dir_code\nsga2\algorithm.h(72): warning C4101: “j”: 未引用的局部变量
     1>e:\gr_direction\gr_dir_code\nsga2\algorithm.h(90): warning C4018: “<”: 有符号/无符号不匹配
     1>e:\gr_direction\gr_dir_code\nsga2\algorithm.h(93): warning C4018: “<”: 有符号/无符号不匹配
     1>e:\gr_direction\gr_dir_code\nsga2\algorithm.h(96): warning C4018: “<”: 有符号/无符号不匹配
     1>e:\gr_direction\gr_dir_code\nsga2\algorithm.h(104): warning C4018: “<”: 有符号/无符号不匹配
     1>e:\gr_direction\gr_dir_code\nsga2\algorithm.h(106): warning C4018: “<”: 有符号/无符号不匹配
     1>e:\gr_direction\gr_dir_code\nsga2\algorithm.h(130): warning C4018: “<”: 有符号/无符号不匹配
     1>e:\gr_direction\gr_dir_code\nsga2\algorithm.h(132): warning C4018: “<”: 有符号/无符号不匹配
     1>e:\gr_direction\gr_dir_code\nsga2\algorithm.h(150): warning C4018: “<”: 有符号/无符号不匹配
     1>e:\gr_direction\gr_dir_code\nsga2\algorithm.h(155): warning C4018: “<”: 有符号/无符号不匹配
     1>e:\gr_direction\gr_dir_code\nsga2\algorithm.h(159): warning C4018: “<”: 有符号/无符号不匹配
     1>e:\gr_direction\gr_dir_code\nsga2\algorithm.h(161): warning C4018: “<”: 有符号/无符号不匹配
     1>e:\gr_direction\gr_dir_code\nsga2\algorithm.h(175): warning C4018: “<”: 有符号/无符号不匹配
     1>e:\gr_direction\gr_dir_code\nsga2\algorithm.h(186): warning C4018: “<”: 有符号/无符号不匹配
     1>e:\gr_direction\gr_dir_code\nsga2\algorithm.h(190): warning C4018: “<”: 有符号/无符号不匹配
     1>e:\gr_direction\gr_dir_code\nsga2\algorithm.h(193): warning C4018: “<”: 有符号/无符号不匹配
     1>e:\gr_direction\gr_dir_code\nsga2\algorithm.h(200): warning C4018: “<”: 有符号/无符号不匹配
     1>e:\gr_direction\gr_dir_code\nsga2\algorithm.h(202): warning C4018: “>”: 有符号/无符号不匹配
     1>e:\gr_direction\gr_dir_code\nsga2\algorithm.h(205): warning C4018: “<”: 有符号/无符号不匹配
     1>e:\gr_direction\gr_dir_code\nsga2\algorithm.h(207): warning C4018: “<”: 有符号/无符号不匹配
     1>e:\gr_direction\gr_dir_code\nsga2\algorithm.h(305): warning C4018: “<”: 有符号/无符号不匹配
     1>e:\gr_direction\gr_dir_code\nsga2\algorithm.h(310): warning C4018: “<”: 有符号/无符号不匹配
     1>e:\gr_direction\gr_dir_code\nsga2\algorithm.h(316): warning C4018: “<”: 有符号/无符号不匹配
     1>e:\gr_direction\gr_dir_code\nsga2\algorithm.h(319): warning C4018: “<”: 有符号/无符号不匹配
     1>e:\gr_direction\gr_dir_code\nsga2\algorithm.h(337): warning C4018: “>”: 有符号/无符号不匹配
     1>e:\gr_direction\gr_dir_code\nsga2\algorithm.h(344): warning C4018: “<”: 有符号/无符号不匹配
     1>e:\gr_direction\gr_dir_code\nsga2\algorithm.h(348): warning C4018: “<”: 有符号/无符号不匹配
     1>e:\gr_direction\gr_dir_code\nsga2\algorithm.h(352): warning C4018: “<”: 有符号/无符号不匹配
     1>e:\gr_direction\gr_dir_code\nsga2\algorithm.h(367): warning C4018: “<”: 有符号/无符号不匹配
     1>e:\gr_direction\gr_dir_code\nsga2\algorithm.h(315): warning C4101: “k”: 未引用的局部变量
     1>e:\gr_direction\gr_dir_code\nsga2\algorithm.h(377): warning C4018: “<”: 有符号/无符号不匹配
     1>e:\gr_direction\gr_dir_code\nsga2\algorithm.h(378): warning C4018: “<”: 有符号/无符号不匹配
     1>e:\gr_direction\gr_dir_code\nsga2\algorithm.h(374): warning C4101: “j”: 未引用的局部变量
     1>e:\gr_direction\gr_dir_code\nsga2\algorithm.h(406): warning C4018: “<”: 有符号/无符号不匹配
     1>e:\gr_direction\gr_dir_code\nsga2\algorithm.h(429): warning C4996: 'sprintf': This function or variable may be unsafe. Consider using sprintf_s instead. To disable deprecation, use _CRT_SECURE_NO_WARNINGS. See online help for details.
                 D:\Program Files\Microsoft Visual Studio 10.0\VC\include\stdio.h(371) : 参见“sprintf”的声明
     1>e:\gr_direction\gr_dir_code\nsga2\algorithm.h(431): warning C4996: 'sprintf': This function or variable may be unsafe. Consider using sprintf_s instead. To disable deprecation, use _CRT_SECURE_NO_WARNINGS. See online help for details.
                 D:\Program Files\Microsoft Visual Studio 10.0\VC\include\stdio.h(371) : 参见“sprintf”的声明
     1>e:\gr_direction\gr_dir_code\nsga2\algorithm.h(437): warning C4996: 'sprintf': This function or variable may be unsafe. Consider using sprintf_s instead. To disable deprecation, use _CRT_SECURE_NO_WARNINGS. See online help for details.
                 D:\Program Files\Microsoft Visual Studio 10.0\VC\include\stdio.h(371) : 参见“sprintf”的声明
     1>e:\gr_direction\gr_dir_code\nsga2\algorithm.h(439): warning C4996: 'sprintf': This function or variable may be unsafe. Consider using sprintf_s instead. To disable deprecation, use _CRT_SECURE_NO_WARNINGS. See online help for details.
                 D:\Program Files\Microsoft Visual Studio 10.0\VC\include\stdio.h(371) : 参见“sprintf”的声明
     1>e:\gr_direction\gr_dir_code\nsga2\algorithm.h(447): warning C4018: “<”: 有符号/无符号不匹配
     1>e:\gr_direction\gr_dir_code\nsga2\algorithm.h(450): warning C4018: “<”: 有符号/无符号不匹配
     1>e:\gr_direction\gr_dir_code\nsga2\algorithm.h(398): warning C4101: “j”: 未引用的局部变量
     1>e:\gr_direction\gr_dir_code\nsga2\algorithm.h(486): warning C4018: “<”: 有符号/无符号不匹配
     1>e:\gr_direction\gr_dir_code\nsga2\algorithm.h(488): warning C4018: “<”: 有符号/无符号不匹配
     1>e:\gr_direction\gr_dir_code\nsga2\algorithm.h(524): warning C4018: “<”: 有符号/无符号不匹配
     1>e:\gr_direction\gr_dir_code\nsga2\algorithm.h(526): warning C4018: “<”: 有符号/无符号不匹配
     1>e:\gr_direction\gr_dir_code\nsga2\algorithm.h(541): warning C4018: “<”: 有符号/无符号不匹配
     1>e:\gr_direction\gr_dir_code\nsga2\algorithm.h(545): warning C4018: “<”: 有符号/无符号不匹配
     1>e:\gr_direction\gr_dir_code\nsga2\algorithm.h(548): warning C4018: “<”: 有符号/无符号不匹配
     1>e:\gr_direction\gr_dir_code\nsga2\algorithm.h(562): warning C4018: “<”: 有符号/无符号不匹配
     1>e:\gr_direction\gr_dir_code\nsga2\algorithm.h(592): warning C4101: “i”: 未引用的局部变量
     1>moea.cpp(24): warning C4996: 'strcpy': This function or variable may be unsafe. Consider using strcpy_s instead. To disable deprecation, use _CRT_SECURE_NO_WARNINGS. See online help for details.
                 D:\Program Files\Microsoft Visual Studio 10.0\VC\include\string.h(105) : 参见“strcpy”的声明
     1>moea.cpp(26): warning C4996: 'strcpy': This function or variable may be unsafe. Consider using strcpy_s instead. To disable deprecation, use _CRT_SECURE_NO_WARNINGS. See online help for details.
                 D:\Program Files\Microsoft Visual Studio 10.0\VC\include\string.h(105) : 参见“strcpy”的声明
     1>moea.cpp(56): warning C4996: 'strcpy': This function or variable may be unsafe. Consider using strcpy_s instead. To disable deprecation, use _CRT_SECURE_NO_WARNINGS. See online help for details.
                 D:\Program Files\Microsoft Visual Studio 10.0\VC\include\string.h(105) : 参见“strcpy”的声明
     1>moea.cpp(63): warning C4996: 'strcpy': This function or variable may be unsafe. Consider using strcpy_s instead. To disable deprecation, use _CRT_SECURE_NO_WARNINGS. See online help for details.
                 D:\Program Files\Microsoft Visual Studio 10.0\VC\include\string.h(105) : 参见“strcpy”的声明
     1>moea.cpp(74): warning C4996: 'strcpy': This function or variable may be unsafe. Consider using strcpy_s instead. To disable deprecation, use _CRT_SECURE_NO_WARNINGS. See online help for details.
                 D:\Program Files\Microsoft Visual Studio 10.0\VC\include\string.h(105) : 参见“strcpy”的声明
     1>moea.cpp(82): warning C4996: 'strcpy': This function or variable may be unsafe. Consider using strcpy_s instead. To disable deprecation, use _CRT_SECURE_NO_WARNINGS. See online help for details.
                 D:\Program Files\Microsoft Visual Studio 10.0\VC\include\string.h(105) : 参见“strcpy”的声明
     1>moea.cpp(92): warning C4996: 'strcpy': This function or variable may be unsafe. Consider using strcpy_s instead. To disable deprecation, use _CRT_SECURE_NO_WARNINGS. See online help for details.
                 D:\Program Files\Microsoft Visual Studio 10.0\VC\include\string.h(105) : 参见“strcpy”的声明
     1>moea.cpp(99): warning C4996: 'strcpy': This function or variable may be unsafe. Consider using strcpy_s instead. To disable deprecation, use _CRT_SECURE_NO_WARNINGS. See online help for details.
                 D:\Program Files\Microsoft Visual Studio 10.0\VC\include\string.h(105) : 参见“strcpy”的声明
     1>moea.cpp(105): warning C4996: 'strcpy': This function or variable may be unsafe. Consider using strcpy_s instead. To disable deprecation, use _CRT_SECURE_NO_WARNINGS. See online help for details.
                 D:\Program Files\Microsoft Visual Studio 10.0\VC\include\string.h(105) : 参见“strcpy”的声明
     1>moea.cpp(112): warning C4996: 'strcpy': This function or variable may be unsafe. Consider using strcpy_s instead. To disable deprecation, use _CRT_SECURE_NO_WARNINGS. See online help for details.
                 D:\Program Files\Microsoft Visual Studio 10.0\VC\include\string.h(105) : 参见“strcpy”的声明
     1>moea.cpp(119): warning C4996: 'strcpy': This function or variable may be unsafe. Consider using strcpy_s instead. To disable deprecation, use _CRT_SECURE_NO_WARNINGS. See online help for details.
                 D:\Program Files\Microsoft Visual Studio 10.0\VC\include\string.h(105) : 参见“strcpy”的声明
     1>moea.cpp(125): warning C4996: 'strcpy': This function or variable may be unsafe. Consider using strcpy_s instead. To disable deprecation, use _CRT_SECURE_NO_WARNINGS. See online help for details.
                 D:\Program Files\Microsoft Visual Studio 10.0\VC\include\string.h(105) : 参见“strcpy”的声明
     1>moea.cpp(130): warning C4996: 'strcpy': This function or variable may be unsafe. Consider using strcpy_s instead. To disable deprecation, use _CRT_SECURE_NO_WARNINGS. See online help for details.
                 D:\Program Files\Microsoft Visual Studio 10.0\VC\include\string.h(105) : 参见“strcpy”的声明
     1>moea.cpp(136): warning C4996: 'strcpy': This function or variable may be unsafe. Consider using strcpy_s instead. To disable deprecation, use _CRT_SECURE_NO_WARNINGS. See online help for details.
                 D:\Program Files\Microsoft Visual Studio 10.0\VC\include\string.h(105) : 参见“strcpy”的声明
     1>moea.cpp(142): warning C4996: 'strcpy': This function or variable may be unsafe. Consider using strcpy_s instead. To disable deprecation, use _CRT_SECURE_NO_WARNINGS. See online help for details.
                 D:\Program Files\Microsoft Visual Studio 10.0\VC\include\string.h(105) : 参见“strcpy”的声明
     1>moea.cpp(148): warning C4996: 'strcpy': This function or variable may be unsafe. Consider using strcpy_s instead. To disable deprecation, use _CRT_SECURE_NO_WARNINGS. See online help for details.
                 D:\Program Files\Microsoft Visual Studio 10.0\VC\include\string.h(105) : 参见“strcpy”的声明
     1>moea.cpp(154): warning C4996: 'strcpy': This function or variable may be unsafe. Consider using strcpy_s instead. To disable deprecation, use _CRT_SECURE_NO_WARNINGS. See online help for details.
                 D:\Program Files\Microsoft Visual Studio 10.0\VC\include\string.h(105) : 参见“strcpy”的声明
     1>moea.cpp(160): warning C4996: 'strcpy': This function or variable may be unsafe. Consider using strcpy_s instead. To disable deprecation, use _CRT_SECURE_NO_WARNINGS. See online help for details.
                 D:\Program Files\Microsoft Visual Studio 10.0\VC\include\string.h(105) : 参见“strcpy”的声明
     1>moea.cpp(166): warning C4996: 'strcpy': This function or variable may be unsafe. Consider using strcpy_s instead. To disable deprecation, use _CRT_SECURE_NO_WARNINGS. See online help for details.
                 D:\Program Files\Microsoft Visual Studio 10.0\VC\include\string.h(105) : 参见“strcpy”的声明
     1>moea.cpp(172): warning C4996: 'strcpy': This function or variable may be unsafe. Consider using strcpy_s instead. To disable deprecation, use _CRT_SECURE_NO_WARNINGS. See online help for details.
                 D:\Program Files\Microsoft Visual Studio 10.0\VC\include\string.h(105) : 参见“strcpy”的声明
     1>moea.cpp(178): warning C4996: 'strcpy': This function or variable may be unsafe. Consider using strcpy_s instead. To disable deprecation, use _CRT_SECURE_NO_WARNINGS. See online help for details.
                 D:\Program Files\Microsoft Visual Studio 10.0\VC\include\string.h(105) : 参见“strcpy”的声明
     1>moea.cpp(184): warning C4996: 'strcpy': This function or variable may be unsafe. Consider using strcpy_s instead. To disable deprecation, use _CRT_SECURE_NO_WARNINGS. See online help for details.
                 D:\Program Files\Microsoft Visual Studio 10.0\VC\include\string.h(105) : 参见“strcpy”的声明
     1>moea.cpp(190): warning C4996: 'strcpy': This function or variable may be unsafe. Consider using strcpy_s instead. To disable deprecation, use _CRT_SECURE_NO_WARNINGS. See online help for details.
                 D:\Program Files\Microsoft Visual Studio 10.0\VC\include\string.h(105) : 参见“strcpy”的声明
     1>moea.cpp(196): warning C4996: 'strcpy': This function or variable may be unsafe. Consider using strcpy_s instead. To disable deprecation, use _CRT_SECURE_NO_WARNINGS. See online help for details.
                 D:\Program Files\Microsoft Visual Studio 10.0\VC\include\string.h(105) : 参见“strcpy”的声明
       Link:
         D:\Program Files\Microsoft Visual Studio 10.0\VC\bin\link.exe /ERRORREPORT:PROMPT /OUT:".\Release/moea.exe" /INCREMENTAL:NO /NOLOGO kernel32.lib user32.lib gdi32.lib winspool.lib comdlg32.lib advapi32.lib shell32.lib ole32.lib oleaut32.lib uuid.lib odbc32.lib odbccp32.lib /MANIFEST /ManifestFile:".\Release\moea.exe.intermediate.manifest" /MANIFESTUAC:"level='asInvoker' uiAccess='false'" /PDB:".\Release/moea.pdb" /SUBSYSTEM:CONSOLE /TLBID:1 /DYNAMICBASE /NXCOMPAT /IMPLIB:".\Release\moea.lib" /MACHINE:X86 .\Release/moea.obj
         moea.vcxproj -> E:\gr_direction\gr_dir_code\NSGA2\.\Release\moea.exe
       Manifest:
         C:\Program Files\Microsoft SDKs\Windows\v7.0A\bin\mt.exe /nologo /verbose /outputresource:".\Release/moea.exe;#1" /manifest .\Release\moea.exe.intermediate.manifest
       FinalizeBuildStatus:
         正在删除文件“.\Release\moea.unsuccessfulbuild”。
         正在对“.\Release\moea.lastbuildstate”执行 Touch 任务。
     1>已完成生成项目“E:\gr_direction\gr_dir_code\NSGA2\moea.vcxproj”(build 个目标)的操作。

生成成功。

已用时间 00:01:25.19
